[debug] [2023-10-11T07:57:21.837Z] ----------------------------------------------------------------------
[debug] [2023-10-11T07:57:21.842Z] Command:       C:\Program Files\nodejs\node.exe C:\Users\Virendra\AppData\Roaming\npm\node_modules\firebase-tools\lib\bin\firebase.js init
[debug] [2023-10-11T07:57:21.843Z] CLI Version:   12.6.2
[debug] [2023-10-11T07:57:21.844Z] Platform:      win32
[debug] [2023-10-11T07:57:21.845Z] Node Version:  v18.16.0
[debug] [2023-10-11T07:57:21.846Z] Time:          Wed Oct 11 2023 13:27:21 GMT+0530 (India Standard Time)
[debug] [2023-10-11T07:57:21.847Z] ----------------------------------------------------------------------
[debug] 
[debug] [2023-10-11T07:57:22.018Z] > command requires scopes: ["email","openid","https://www.googleapis.com/auth/cloudplatformprojects.readonly","https://www.googleapis.com/auth/firebase","https://www.googleapis.com/auth/cloud-platform"]
[debug] [2023-10-11T07:57:22.019Z] > authorizing via signed-in user (virendrakumarofficial94@gmail.com)
[info] 
     ######## #### ########  ######## ########     ###     ######  ########
     ##        ##  ##     ## ##       ##     ##  ##   ##  ##       ##
     ######    ##  ########  ######   ########  #########  ######  ######
     ##        ##  ##    ##  ##       ##     ## ##     ##       ## ##
     ##       #### ##     ## ######## ########  ##     ##  ######  ########

You're about to initialize a Firebase project in this directory:

  D:\Ecommerce\Amazon-clone

Before we get started, keep in mind:

  * You are initializing within an existing Firebase project directory

[info] 
=== Project Setup
[info] 
[info] First, let's associate this project directory with a Firebase project.
[info] You can create multiple project aliases by running firebase use --add, 
[info] but for now we'll just set up a default project.
[info] 
[debug] [2023-10-11T07:57:32.829Z] Using project from CLI flag: clone-6abe8
[debug] [2023-10-11T07:57:32.832Z] > refreshing access token with scopes: []
[debug] [2023-10-11T07:57:32.835Z] >>> [apiv2][query] POST https://www.googleapis.com/oauth2/v3/token [none]
[debug] [2023-10-11T07:57:32.836Z] >>> [apiv2][body] POST https://www.googleapis.com/oauth2/v3/token [omitted]
[debug] [2023-10-11T07:57:33.545Z] <<< [apiv2][status] POST https://www.googleapis.com/oauth2/v3/token 400
[debug] [2023-10-11T07:57:33.546Z] <<< [apiv2][body] POST https://www.googleapis.com/oauth2/v3/token [omitted]
[debug] [2023-10-11T07:57:33.547Z] >>> [apiv2][query] GET https://firebase.googleapis.com/v1beta1/projects/clone-6abe8 [none]
[debug] [2023-10-11T07:57:34.349Z] <<< [apiv2][status] GET https://firebase.googleapis.com/v1beta1/projects/clone-6abe8 401
[debug] [2023-10-11T07:57:34.350Z] <<< [apiv2][body] GET https://firebase.googleapis.com/v1beta1/projects/clone-6abe8 {"error":{"code":401,"message":"Request had invalid authentication credentials. Expected OAuth 2 access token, login cookie or other valid authentication credential. See https://developers.google.com/identity/sign-in/web/devconsole-project.","status":"UNAUTHENTICATED"}}
[debug] [2023-10-11T07:57:34.351Z] HTTP Error: 401, Request had invalid authentication credentials. Expected OAuth 2 access token, login cookie or other valid authentication credential. See https://developers.google.com/identity/sign-in/web/devconsole-project.
[debug] [2023-10-11T07:57:34.761Z] FirebaseError: HTTP Error: 401, Request had invalid authentication credentials. Expected OAuth 2 access token, login cookie or other valid authentication credential. See https://developers.google.com/identity/sign-in/web/devconsole-project.
    at responseToError (C:\Users\Virendra\AppData\Roaming\npm\node_modules\firebase-tools\lib\responseToError.js:49:12)
    at RetryOperation._fn (C:\Users\Virendra\AppData\Roaming\npm\node_modules\firebase-tools\lib\apiv2.js:285:77)
    at process.processTicksAndRejections (node:internal/process/task_queues:95:5)
[error] 
[error] Error: Failed to get Firebase project clone-6abe8. Please make sure the project exists and your account has permission to access it.
